<?xml version="1.0" encoding="UTF-8"?>
<!-- Generated by org.testng.reporters.JUnitReportReporter -->
<testsuite hostname="LAPTOP-EDMUCG4H" failures="0" tests="3" name="org.tcs.Testng2" time="0.012" errors="0" timestamp="13 Oct 2022 06:19:33 GMT" skipped="0">
  <testcase classname="org.tcs.Testng2" name="test13" time="0.002"/>
  <testcase classname="org.tcs.Testng2" name="test12" time="0.001"/>
  <testcase classname="org.tcs.Testng2" name="test11" time="0.009"/>
</testsuite> <!-- org.tcs.Testng2 -->
