<?xml version="1.0" encoding="UTF-8"?>
<!-- Generated by org.testng.reporters.JUnitReportReporter -->
<testsuite hostname="LAPTOP-EDMUCG4H" failures="0" tests="6" name="org.tcs.Testng1" time="0.013" errors="0" timestamp="13 Oct 2022 06:19:33 GMT" skipped="0">
  <testcase classname="org.tcs.Testng1" name="test5" time="0.004"/>
  <testcase classname="org.tcs.Testng1" name="test3" time="0.002"/>
  <testcase classname="org.tcs.Testng1" name="test4" time="0.001"/>
  <testcase classname="org.tcs.Testng1" name="test1" time="0.004"/>
  <testcase classname="org.tcs.Testng1" name="test6" time="0.001"/>
  <testcase classname="org.tcs.Testng1" name="test2" time="0.001"/>
</testsuite> <!-- org.tcs.Testng1 -->
